1597317418360	mozrunner::runner	INFO	Running command: "C:\\Program Files\\Mozilla Firefox\\firefox.exe" "-marionette" "-foreground" "-no-remote" "-profile" "C:\\Users\\DELL\\AppData\\Local\\Temp\\rust_mozprofile5IIIGC"
JavaScript error: resource://gre/modules/XULStore.jsm, line 66: Error: Can't find profile directory.
[Parent 6276, Gecko_IOThread] WARNING: file /builds/worker/checkouts/gecko/ipc/chromium/src/base/process_util_win.cc, line 166
1597317466493	Marionette	INFO	Listening on port 54855
1597317466955	Marionette	WARN	TLS certificate errors will be ignored for this session
JavaScript error: https://magento.com/products/magento-open-source line 1762 > scriptElement, line 4: TypeError: window.optimizely is undefined
1597317537095	Marionette	INFO	Stopped listening on port 54855

###!!! [Child][RunMessage] Error: Channel closing: too late to send/recv, messages will be lost

1597320025284	mozrunner::runner	INFO	Running command: "C:\\Program Files\\Mozilla Firefox\\firefox.exe" "-marionette" "-foreground" "-no-remote" "-profile" "C:\\Users\\DELL\\AppData\\Local\\Temp\\rust_mozprofileLG5Vs3"
JavaScript error: resource://gre/modules/XULStore.jsm, line 66: Error: Can't find profile directory.
1597320032897	Marionette	INFO	Listening on port 55274
1597320033255	Marionette	WARN	TLS certificate errors will be ignored for this session
1597320033643	Marionette	INFO	Stopped listening on port 55274
JavaScript error: resource://activity-stream/lib/ActivityStreamPrefs.jsm, line 27: NS_ERROR_ILLEGAL_VALUE: Component returned failure code: 0x80070057 (NS_ERROR_ILLEGAL_VALUE) [nsIPrefBranch.removeObserver]
JavaScript error: resource:///actors/LightweightThemeChild.jsm, line 28: TypeError: this.docShell is null
console.error: services.settings: 
  main/messaging-experiments Signature failed  TypeError: NetworkError when attempting to fetch resource.
JavaScript error: resource://gre/modules/UrlClassifierListManager.jsm, line 691: TypeError: this.tablesData[table] is undefined

###!!! [Child][RunMessage] Error: Channel closing: too late to send/recv, messages will be lost


###!!! [Child][MessageChannel::SendAndWait] Error: Channel error: cannot send/recv

1597320042040	mozrunner::runner	INFO	Running command: "C:\\Program Files\\Mozilla Firefox\\firefox.exe" "-marionette" "-foreground" "-no-remote" "-profile" "C:\\Users\\DELL\\AppData\\Local\\Temp\\rust_mozprofilepSQ0Qh"
JavaScript error: resource://gre/modules/XULStore.jsm, line 66: Error: Can't find profile directory.
1597320046059	Marionette	INFO	Listening on port 55314
1597320046246	Marionette	WARN	TLS certificate errors will be ignored for this session
1597320046310	Marionette	INFO	Stopped listening on port 55314
JavaScript error: resource://activity-stream/lib/ActivityStreamPrefs.jsm, line 27: NS_ERROR_ILLEGAL_VALUE: Component returned failure code: 0x80070057 (NS_ERROR_ILLEGAL_VALUE) [nsIPrefBranch.removeObserver]
JavaScript error: resource://services-settings/RemoteSettingsClient.jsm, line 115: Error: Unknown callback
console.log: "RemoteSettingsWorker error: AbortError: IndexedDB:  execute() A request was aborted, for example through a call to IDBTransaction.abort."
JavaScript error: resource://gre/modules/Sqlite.jsm, line 921: Error: Connection is not open.

###!!! [Child][RunMessage] Error: Channel closing: too late to send/recv, messages will be lost


###!!! [Child][MessageChannel::SendAndWait] Error: Channel error: cannot send/recv

1597320129206	mozrunner::runner	INFO	Running command: "C:\\Program Files\\Mozilla Firefox\\firefox.exe" "-marionette" "-foreground" "-no-remote" "-profile" "C:\\Users\\DELL\\AppData\\Local\\Temp\\rust_mozprofilefaceGX"
JavaScript error: resource://gre/modules/XULStore.jsm, line 66: Error: Can't find profile directory.
1597320132875	Marionette	INFO	Listening on port 55349
1597320132897	Marionette	WARN	TLS certificate errors will be ignored for this session
1597320140002	Marionette	INFO	Stopped listening on port 55349

###!!! [Child][RunMessage] Error: Channel closing: too late to send/recv, messages will be lost


###!!! [Child][MessageChannel::SendAndWait] Error: Channel error: cannot send/recv

1597320147444	mozrunner::runner	INFO	Running command: "C:\\Program Files\\Mozilla Firefox\\firefox.exe" "-marionette" "-foreground" "-no-remote" "-profile" "C:\\Users\\DELL\\AppData\\Local\\Temp\\rust_mozprofileFv0rgF"
JavaScript error: resource://gre/modules/XULStore.jsm, line 66: Error: Can't find profile directory.
1597320153087	Marionette	INFO	Listening on port 55402
1597320153277	Marionette	WARN	TLS certificate errors will be ignored for this session
1597320183576	Marionette	INFO	Stopped listening on port 55402

###!!! [Child][RunMessage] Error: Channel closing: too late to send/recv, messages will be lost


###!!! [Child][MessageChannel::SendAndWait] Error: Channel error: cannot send/recv

1597320457860	mozrunner::runner	INFO	Running command: "C:\\Program Files\\Mozilla Firefox\\firefox.exe" "-marionette" "-foreground" "-no-remote" "-profile" "C:\\Users\\DELL\\AppData\\Local\\Temp\\rust_mozprofileTw95Mx"
JavaScript error: resource://gre/modules/XULStore.jsm, line 66: Error: Can't find profile directory.
1597320462948	Marionette	INFO	Listening on port 55577
1597320464366	Marionette	WARN	TLS certificate errors will be ignored for this session
1597320472825	Marionette	INFO	Stopped listening on port 55577
JavaScript error: resource://services-settings/RemoteSettingsClient.jsm, line 115: Error: Unknown callback
console.warn: services.settings: main/cfr sync interrupted by shutdown
JavaScript error: resource://gre/modules/UrlClassifierListManager.jsm, line 691: TypeError: this.tablesData[table] is undefined

###!!! [Child][RunMessage] Error: Channel closing: too late to send/recv, messages will be lost


###!!! [Child][MessageChannel::SendAndWait] Error: Channel error: cannot send/recv

1597320488536	mozrunner::runner	INFO	Running command: "C:\\Program Files\\Mozilla Firefox\\firefox.exe" "-marionette" "-foreground" "-no-remote" "-profile" "C:\\Users\\DELL\\AppData\\Local\\Temp\\rust_mozprofilexVwwSg"
JavaScript error: resource://gre/modules/XULStore.jsm, line 66: Error: Can't find profile directory.
1597320492361	Marionette	INFO	Listening on port 55653
1597320492754	Marionette	WARN	TLS certificate errors will be ignored for this session
1597320523092	Marionette	INFO	Stopped listening on port 55653

###!!! [Child][RunMessage] Error: Channel closing: too late to send/recv, messages will be lost


###!!! [Child][MessageChannel::SendAndWait] Error: Channel error: cannot send/recv

1597327331290	mozrunner::runner	INFO	Running command: "C:\\Program Files\\Mozilla Firefox\\firefox.exe" "-marionette" "-foreground" "-no-remote" "-profile" "C:\\Users\\DELL\\AppData\\Local\\Temp\\rust_mozprofileABFDjZ"
JavaScript error: resource://gre/modules/XULStore.jsm, line 66: Error: Can't find profile directory.
console.error: "Could not write session state file " (new Error("_initWorker called too early! Please read the session file from disk first.", "resource:///modules/sessionstore/SessionFile.jsm", 375)) "_initWorker/<@resource:///modules/sessionstore/SessionFile.jsm:375:15\n_initWorker@resource:///modules/sessionstore/SessionFile.jsm:368:12\n_postToWorker@resource:///modules/sessionstore/SessionFile.jsm:410:16\nwrite@resource:///modules/sessionstore/SessionFile.jsm:448:24\nwrite@resource:///modules/sessionstore/SessionFile.jsm:75:32\n_writeState@resource:///modules/sessionstore/SessionSaver.jsm:360:24\n_saveState@resource:///modules/sessionstore/SessionSaver.jsm:294:17\n_saveStateAsync@resource:///modules/sessionstore/SessionSaver.jsm:344:10\nsaveStateAsyncWhenIdle@resource:///modules/sessionstore/SessionSaver.jsm:191:14\ncallback@resource://gre/modules/Timer.jsm:127:16\n"
[Parent 11940, Gecko_IOThread] WARNING: file /builds/worker/checkouts/gecko/ipc/chromium/src/base/process_util_win.cc, line 166
1597327359158	Marionette	INFO	Listening on port 59374
1597327359715	Marionette	WARN	TLS certificate errors will be ignored for this session
1597327370003	Marionette	INFO	Stopped listening on port 59374

###!!! [Child][RunMessage] Error: Channel closing: too late to send/recv, messages will be lost


###!!! [Child][MessageChannel::SendAndWait] Error: Channel error: cannot send/recv

1597327381510	mozrunner::runner	INFO	Running command: "C:\\Program Files\\Mozilla Firefox\\firefox.exe" "-marionette" "-foreground" "-no-remote" "-profile" "C:\\Users\\DELL\\AppData\\Local\\Temp\\rust_mozprofileO4bbwt"
JavaScript error: resource://gre/modules/XULStore.jsm, line 66: Error: Can't find profile directory.
1597327386189	Marionette	INFO	Listening on port 59452
1597327386305	Marionette	WARN	TLS certificate errors will be ignored for this session
1597327416912	Marionette	INFO	Stopped listening on port 59452

###!!! [Child][RunMessage] Error: Channel closing: too late to send/recv, messages will be lost


###!!! [Child][MessageChannel::SendAndWait] Error: Channel error: cannot send/recv

1597328835580	mozrunner::runner	INFO	Running command: "C:\\Program Files\\Mozilla Firefox\\firefox.exe" "-marionette" "-foreground" "-no-remote" "-profile" "C:\\Users\\DELL\\AppData\\Local\\Temp\\rust_mozprofileMo4SL8"
JavaScript error: resource://gre/modules/XULStore.jsm, line 66: Error: Can't find profile directory.
1597328840694	Marionette	INFO	Listening on port 59680
1597328840897	Marionette	WARN	TLS certificate errors will be ignored for this session
1597328874665	Marionette	INFO	Stopped listening on port 59680

###!!! [Child][MessageChannel::SendAndWait] Error: Channel error: cannot send/recv

1597328902520	mozrunner::runner	INFO	Running command: "C:\\Program Files\\Mozilla Firefox\\firefox.exe" "-marionette" "-foreground" "-no-remote" "-profile" "C:\\Users\\DELL\\AppData\\Local\\Temp\\rust_mozprofile5dabKP"
JavaScript error: resource://gre/modules/XULStore.jsm, line 66: Error: Can't find profile directory.
1597328907289	Marionette	INFO	Listening on port 59748
1597328907346	Marionette	WARN	TLS certificate errors will be ignored for this session
1597328925486	Marionette	INFO	Stopped listening on port 59748

###!!! [Child][RunMessage] Error: Channel closing: too late to send/recv, messages will be lost


###!!! [Child][MessageChannel::SendAndWait] Error: Channel error: cannot send/recv

1597331441072	mozrunner::runner	INFO	Running command: "C:\\Program Files\\Mozilla Firefox\\firefox.exe" "-marionette" "-foreground" "-no-remote" "-profile" "C:\\Users\\DELL\\AppData\\Local\\Temp\\rust_mozprofilebMykyK"
JavaScript error: resource://gre/modules/XULStore.jsm, line 66: Error: Can't find profile directory.
1597331447233	Marionette	INFO	Listening on port 60123
1597331447424	Marionette	WARN	TLS certificate errors will be ignored for this session

###!!! [Child][RunMessage] Error: Channel closing: too late to send/recv, messages will be lost

1597331506979	Marionette	INFO	Stopped listening on port 60123

###!!! [Child][RunMessage] Error: Channel closing: too late to send/recv, messages will be lost


###!!! [Child][MessageChannel::SendAndWait] Error: Channel error: cannot send/recv

stening on port 60163
1597331501713	Marionette	WARN	TLS certificate errors will be ignored for this session
1597331518292	Marionette	INFO	Stopped listening on port 60163

###!!! [Child][RunMessage] Error: Channel closing: too late to send/recv, messages will be lost


###!!! [Child][MessageChannel::SendAndWait] Error: Channel error: cannot send/recv

1597404293380	mozrunner::runner	INFO	Running command: "C:\\Program Files\\Mozilla Firefox\\firefox.exe" "-marionette" "-foreground" "-no-remote" "-profile" "C:\\Users\\DELL\\AppData\\Local\\Temp\\rust_mozprofileegM81I"
JavaScript error: resource://gre/modules/XULStore.jsm, line 66: Error: Can't find profile directory.
[Parent 8612, Gecko_IOThread] WARNING: file /builds/worker/checkouts/gecko/ipc/chromium/src/base/process_util_win.cc, line 166
1597404316003	Marionette	INFO	Listening on port 52505
1597404316759	Marionette	WARN	TLS certificate errors will be ignored for this session
1597404331524	Marionette	INFO	Stopped listening on port 52505

###!!! [Parent][RunMessage] Error: Channel error: cannot send/recv


###!!! [Parent][RunMessage] Error: Channel error: cannot send/recv


###!!! [Child][RunMessage] Error: Channel closing: too late to send/recv, messages will be lost

[Parent 8612, Gecko_IOThread] WARNING: pipe error: 232: file /builds/worker/checkouts/gecko/ipc/chromium/src/chrome/common/ipc_channel_win.cc, line 522
1597404377418	mozrunner::runner	INFO	Running command: "C:\\Program Files\\Mozilla Firefox\\firefox.exe" "-marionette" "-foreground" "-no-remote" "-profile" "C:\\Users\\DELL\\AppData\\Local\\Temp\\rust_mozprofile4JJkde"
JavaScript error: resource://gre/modules/XULStore.jsm, line 66: Error: Can't find profile directory.
1597404382308	Marionette	INFO	Listening on port 52587
1597404382723	Marionette	WARN	TLS certificate errors will be ignored for this session
1597404392199	Marionette	INFO	Stopped listening on port 52587

###!!! [Child][RunMessage] Error: Channel closing: too late to send/recv, messages will be lost


###!!! [Child][MessageChannel::SendAndWait] Error: Channel error: cannot send/recv

1597404626394	mozrunner::runner	INFO	Running command: "C:\\Program Files\\Mozilla Firefox\\firefox.exe" "-marionette" "-foreground" "-no-remote" "-profile" "C:\\Users\\DELL\\AppData\\Local\\Temp\\rust_mozprofilej6Lajd"
JavaScript error: resource://gre/modules/XULStore.jsm, line 66: Error: Can't find profile directory.
console.error: "Could not write session state file " (new Error("_initWorker called too early! Please read the session file from disk first.", "resource:///modules/sessionstore/SessionFile.jsm", 375)) "_initWorker/<@resource:///modules/sessionstore/SessionFile.jsm:375:15\n_initWorker@resource:///modules/sessionstore/SessionFile.jsm:368:12\n_postToWorker@resource:///modules/sessionstore/SessionFile.jsm:410:16\nwrite@resource:///modules/sessionstore/SessionFile.jsm:448:24\nwrite@resource:///modules/sessionstore/SessionFile.jsm:75:32\n_writeState@resource:///modules/sessionstore/SessionSaver.jsm:360:24\n_saveState@resource:///modules/sessionstore/SessionSaver.jsm:294:17\n_saveStateAsync@resource:///modules/sessionstore/SessionSaver.jsm:344:10\nsaveStateAsyncWhenIdle@resource:///modules/sessionstore/SessionSaver.jsm:191:14\ncallback@resource://gre/modules/Timer.jsm:127:16\n"
1597404634056	Marionette	INFO	Listening on port 52688
1597404634354	Marionette	WARN	TLS certificate errors will be ignored for this session
1597404646305	Marionette	INFO	Stopped listening on port 52688

###!!! [Child][RunMessage] Error: Channel closing: too late to send/recv, messages will be lost


###!!! [Child][MessageChannel::SendAndWait] Error: Channel error: cannot send/recv

1597404704379	mozrunner::runner	INFO	Running command: "C:\\Program Files\\Mozilla Firefox\\firefox.exe" "-marionette" "-foreground" "-no-remote" "-profile" "C:\\Users\\DELL\\AppData\\Local\\Temp\\rust_mozprofiletXgGLv"
JavaScript error: resource://gre/modules/XULStore.jsm, line 66: Error: Can't find profile directory.
1597404708876	Marionette	INFO	Listening on port 52759
1597404709217	Marionette	WARN	TLS certificate errors will be ignored for this session
1597404720424	Marionette	INFO	Stopped listening on port 52759

###!!! [Child][RunMessage] Error: Channel closing: too late to send/recv, messages will be lost


###!!! [Child][MessageChannel::SendAndWait] Error: Channel error: cannot send/recv

1597417565502	mozrunner::runner	INFO	Running command: "C:\\Program Files\\Mozilla Firefox\\firefox.exe" "-marionette" "-foreground" "-no-remote" "-profile" "C:\\Users\\DELL\\AppData\\Local\\Temp\\rust_mozprofilegXht6K"
JavaScript error: resource://gre/modules/XULStore.jsm, line 66: Error: Can't find profile directory.
1597417570671	Marionette	INFO	Listening on port 53192
1597417570828	Marionette	WARN	TLS certificate errors will be ignored for this session
1597417585361	Marionette	INFO	Stopped listening on port 53192

###!!! [Child][RunMessage] Error: Channel closing: too late to send/recv, messages will be lost


###!!! [Child][MessageChannel::SendAndWait] Error: Channel error: cannot send/recv

1597417794743	mozrunner::runner	INFO	Running command: "C:\\Program Files\\Mozilla Firefox\\firefox.exe" "-marionette" "-foreground" "-no-remote" "-profile" "C:\\Users\\DELL\\AppData\\Local\\Temp\\rust_mozprofilepGT1UF"
JavaScript error: resource://gre/modules/XULStore.jsm, line 66: Error: Can't find profile directory.
1597417799159	Marionette	INFO	Listening on port 53296
1597417799562	Marionette	WARN	TLS certificate errors will be ignored for this session
1597417818266	Marionette	INFO	Stopped listening on port 53296

###!!! [Child][MessageChannel::SendAndWait] Error: Channel error: cannot send/recv

1597417839798	mozrunner::runner	INFO	Running command: "C:\\Program Files\\Mozilla Firefox\\firefox.exe" "-marionette" "-foreground" "-no-remote" "-profile" "C:\\Users\\DELL\\AppData\\Local\\Temp\\rust_mozprofile6P3117"
JavaScript error: resource://gre/modules/XULStore.jsm, line 66: Error: Can't find profile directory.
1597417844471	Marionette	INFO	Listening on port 53365
1597417844597	Marionette	WARN	TLS certificate errors will be ignored for this session
1597417862869	Marionette	INFO	Stopped listening on port 53365

###!!! [Child][RunMessage] Error: Channel closing: too late to send/recv, messages will be lost


###!!! [Child][MessageChannel::SendAndWait] Error: Channel error: cannot send/recv

1597419007785	mozrunner::runner	INFO	Running command: "C:\\Program Files\\Mozilla Firefox\\firefox.exe" "-marionette" "-foreground" "-no-remote" "-profile" "C:\\Users\\DELL\\AppData\\Local\\Temp\\rust_mozprofileaSvNN3"
JavaScript error: resource://gre/modules/XULStore.jsm, line 66: Error: Can't find profile directory.
1597419011650	Marionette	INFO	Listening on port 53528
1597419011983	Marionette	WARN	TLS certificate errors will be ignored for this session
1597419028645	Marionette	INFO	Stopped listening on port 53528

###!!! [Child][RunMessage] Error: Channel closing: too late to send/recv, messages will be lost


###!!! [Child][MessageChannel::SendAndWait] Error: Channel error: cannot send/recv

1597433802454	mozrunner::runner	INFO	Running command: "C:\\Program Files\\Mozilla Firefox\\firefox.exe" "-marionette" "-foreground" "-no-remote" "-profile" "C:\\Users\\DELL\\AppData\\Local\\Temp\\rust_mozprofileuxhBPF"
JavaScript error: resource://gre/modules/XULStore.jsm, line 66: Error: Can't find profile directory.
1597433806869	Marionette	INFO	Listening on port 55346
1597433807273	Marionette	WARN	TLS certificate errors will be ignored for this session
1597433817731	Marionette	INFO	Stopped listening on port 55346

###!!! [Child][RunMessage] Error: Channel closing: too late to send/recv, messages will be lost


###!!! [Child][MessageChannel::SendAndWait] Error: Channel error: cannot send/recv

1597512918591	mozrunner::runner	INFO	Running command: "C:\\Program Files\\Mozilla Firefox\\firefox.exe" "-marionette" "-foreground" "-no-remote" "-profile" "C:\\Users\\DELL\\AppData\\Local\\Temp\\rust_mozprofileBcgD6s"
1597513046148	Marionette	INFO	Listening on port 49587
1597513274954	Marionette	INFO	Stopped listening on port 49587

###!!! [Child][RunMessage] Error: Channel closing: too late to send/recv, messages will be lost


###!!! [Child][MessageChannel::SendAndWait] Error: Channel error: cannot send/recv

early! Please read the session file from disk first.", "resource:///modules/sessionstore/SessionFile.jsm", 375)) "_initWorker/<@resource:///modules/sessionstore/SessionFile.jsm:375:15\n_initWorker@resource:///modules/sessionstore/SessionFile.jsm:368:12\n_postToWorker@resource:///modules/sessionstore/SessionFile.jsm:410:16\nwrite@resource:///modules/sessionstore/SessionFile.jsm:448:24\nwrite@resource:///modules/sessionstore/SessionFile.jsm:75:32\n_writeState@resource:///modules/sessionstore/SessionSaver.jsm:360:24\n_saveState@resource:///modules/sessionstore/SessionSaver.jsm:294:17\n_saveStateAsync@resource:///modules/sessionstore/SessionSaver.jsm:344:10\nsaveStateAsyncWhenIdle@resource:///modules/sessionstore/SessionSaver.jsm:191:14\ncallback@resource://gre/modules/Timer.jsm:127:16\n"
JavaScript error: resource://gre/modules/XULStore.jsm, line 66: Error: Can't find profile directory.
1597513069172	Marionette	INFO	Listening on port 49715
1597513277744	Marionette	INFO	Stopped listening on port 49715

###!!! [Child][MessageChannel::SendAndWait] Error: Channel error: cannot send/recv

1597513286471	mozrunner::runner	INFO	Running command: "C:\\Program Files\\Mozilla Firefox\\firefox.exe" "-marionette" "-foreground" "-no-remote" "-profile" "C:\\Users\\DELL\\AppData\\Local\\Temp\\rust_mozprofileFySP80"
JavaScript error: resource://gre/modules/XULStore.jsm, line 66: Error: Can't find profile directory.
1597513291910	Marionette	INFO	Listening on port 49807
1597513292583	Marionette	WARN	TLS certificate errors will be ignored for this session
1597513312215	Marionette	INFO	Stopped listening on port 49807

###!!! [Child][RunMessage] Error: Channel closing: too late to send/recv, messages will be lost


###!!! [Child][MessageChannel::SendAndWait] Error: Channel error: cannot send/recv

1597513366496	mozrunner::runner	INFO	Running command: "C:\\Program Files\\Mozilla Firefox\\firefox.exe" "-marionette" "-foreground" "-no-remote" "-profile" "C:\\Users\\DELL\\AppData\\Local\\Temp\\rust_mozprofileuFlkop"
JavaScript error: resource://gre/modules/XULStore.jsm, line 66: Error: Can't find profile directory.
1597513370989	Marionette	INFO	Listening on port 49882
1597513371315	Marionette	WARN	TLS certificate errors will be ignored for this session
1597513404669	Marionette	INFO	Stopped listening on port 49882

###!!! [Child][RunMessage] Error: Channel closing: too late to send/recv, messages will be lost


###!!! [Child][MessageChannel::SendAndWait] Error: Channel error: cannot send/recv

